Raw JSON:
{"name":"vsdfs","age":"5","gender":"पुरुष","mobileNo":"7538694210","schoolName":"avbc","haveAadhar":"yes","haveShramik":"yes","heartStatus":"संदेह नहीं","notes":"normal","dr_id":2,"aadharPhoto":null,"shramikPhoto":null}

Parsed Data:
Array
(
    [name] => vsdfs
    [age] => 5
    [gender] => पुरुष
    [mobileNo] => 7538694210
    [schoolName] => avbc
    [haveAadhar] => yes
    [haveShramik] => yes
    [heartStatus] => संदेह नहीं
    [notes] => normal
    [dr_id] => 2
    [aadharPhoto] => 
    [shramikPhoto] => 
)


Raw JSON:
{"name":"adfdsf","age":"26","gender":"पुरुष","mobileNo":"vxfggrg","schoolName":"avbc","haveAadhar":"yes","haveShramik":"yes","heartStatus":"संदेह नहीं","notes":"normal","dr_id":2,"aadharPhoto":null,"shramikPhoto":null}

Parsed Data:
Array
(
    [name] => adfdsf
    [age] => 26
    [gender] => पुरुष
    [mobileNo] => vxfggrg
    [schoolName] => avbc
    [haveAadhar] => yes
    [haveShramik] => yes
    [heartStatus] => संदेह नहीं
    [notes] => normal
    [dr_id] => 2
    [aadharPhoto] => 
    [shramikPhoto] => 
)


Raw JSON:
{"name":"ffsdfdf","age":"35","gender":"पुरुष","mobileNo":"7418956230","schoolName":"avbc","haveAadhar":"yes","haveShramik":"yes","heartStatus":"संदेह नहीं","notes":"normal","dr_id":2,"aadharPhoto":null,"shramikPhoto":null}

Parsed Data:
Array
(
    [name] => ffsdfdf
    [age] => 35
    [gender] => पुरुष
    [mobileNo] => 7418956230
    [schoolName] => avbc
    [haveAadhar] => yes
    [haveShramik] => yes
    [heartStatus] => संदेह नहीं
    [notes] => normal
    [dr_id] => 2
    [aadharPhoto] => 
    [shramikPhoto] => 
)


Raw JSON:
{"name":"Vedansh Chandrakar","age":"25","gender":"पुरुष","mobileNo":"9518476230","schoolName":"avbc","haveAadhar":"yes","haveShramik":"no","heartStatus":"संदेह नहीं","notes":"normal","dr_id":2,"aadharPhoto":null,"shramikPhoto":null}

Parsed Data:
Array
(
    [name] => Vedansh Chandrakar
    [age] => 25
    [gender] => पुरुष
    [mobileNo] => 9518476230
    [schoolName] => avbc
    [haveAadhar] => yes
    [haveShramik] => no
    [heartStatus] => संदेह नहीं
    [notes] => normal
    [dr_id] => 2
    [aadharPhoto] => 
    [shramikPhoto] => 
)


Raw JSON:
{"name":"Vedansh Chandrakar","age":"25","gender":"पुरुष","mobileNo":"8527539518","schoolName":"avbc","haveAadhar":"yes","haveShramik":"no","heartStatus":"संदेह नहीं","notes":"nfdsfd","dr_id":2,"aadharPhoto":null,"shramikPhoto":null}

Parsed Data:
Array
(
    [name] => Vedansh Chandrakar
    [age] => 25
    [gender] => पुरुष
    [mobileNo] => 8527539518
    [schoolName] => avbc
    [haveAadhar] => yes
    [haveShramik] => no
    [heartStatus] => संदेह नहीं
    [notes] => nfdsfd
    [dr_id] => 2
    [aadharPhoto] => 
    [shramikPhoto] => 
)


Binding values:
dr_id: 2
name: Vedansh Chandrakar
age: 25
gender: पुरुष
mobileNo: 8527539518
schoolName: avbc
haveAadhar: yes
haveShramik: no
aadharPath: NULL
shramikPath: NULL
heartStatus: संदेह नहीं
notes: nfdsfd

Raw JSON:
{"name":"Vedansh Chandrakar","age":"25","gender":"पुरुष","mobileNo":"7539518462","schoolName":"avbc","haveAadhar":"yes","haveShramik":"no","heartStatus":"संदेह नहीं","notes":"fsfggg","dr_id":2,"aadharPhoto":null,"shramikPhoto":null}

Parsed Data:
Array
(
    [name] => Vedansh Chandrakar
    [age] => 25
    [gender] => पुरुष
    [mobileNo] => 7539518462
    [schoolName] => avbc
    [haveAadhar] => yes
    [haveShramik] => no
    [heartStatus] => संदेह नहीं
    [notes] => fsfggg
    [dr_id] => 2
    [aadharPhoto] => 
    [shramikPhoto] => 
)


Binding values:
dr_id: 2
name: Vedansh Chandrakar
age: 25
gender: पुरुष
mobileNo: 7539518462
schoolName: avbc
haveAadhar: yes
haveShramik: no
aadharPath: NULL
shramikPath: NULL
heartStatus: संदेह नहीं
notes: fsfggg

Raw JSON:
{"name":"abcd","age":"40","gender":"महिला","mobileNo":"742698130","schoolName":"avbc","haveAadhar":"yes","haveShramik":"yes","heartStatus":"संदिग्ध","notes":"ffgfvfv","dr_id":2,"aadharPhoto":null,"shramikPhoto":null}

Parsed Data:
Array
(
    [name] => abcd
    [age] => 40
    [gender] => महिला
    [mobileNo] => 742698130
    [schoolName] => avbc
    [haveAadhar] => yes
    [haveShramik] => yes
    [heartStatus] => संदिग्ध
    [notes] => ffgfvfv
    [dr_id] => 2
    [aadharPhoto] => 
    [shramikPhoto] => 
)


